0 silly argv {
0 silly argv   _: [ 'create' ],
0 silly argv   lernaVersion: '5.3.0',
0 silly argv   '$0': '/opt/homebrew/bin/lerna',
0 silly argv   name: 'u-button-y'
0 silly argv }
1 notice cli v5.3.0
2 verbose rootPath /Users/wanghao/MyCode/bugmaker/monorepo-demo
3 warn ENOREMOTE No git remote found, skipping repository property
4 error Error: canceled
4 error     at Interface.<anonymous> (/Users/wanghao/MyCode/bugmaker/monorepo-demo/node_modules/read/lib/read.js:66:13)
4 error     at Interface.emit (node:events:537:28)
4 error     at [_ttyWrite] [as _ttyWrite] (node:internal/readline/interface:1124:18)
4 error     at ReadStream.onkeypress (node:internal/readline/interface:273:20)
4 error     at ReadStream.emit (node:events:537:28)
4 error     at emitKeys (node:internal/readline/utils:358:14)
4 error     at emitKeys.next (<anonymous>)
4 error     at ReadStream.onData (node:internal/readline/emitKeypressEvents:64:36)
4 error     at ReadStream.emit (node:events:537:28)
4 error     at addChunk (node:internal/streams/readable:324:12)
4 error     at readableAddChunk (node:internal/streams/readable:297:9)
4 error     at Readable.push (node:internal/streams/readable:234:10)
